<?xml version="1.0" encoding="UTF-8"?>
<testsuite xmlns:xsi="http://www.w3.org/2001/XMLSchema-instance" xsi:noNamespaceSchemaLocation="https://maven.apache.org/surefire/maven-surefire-plugin/xsd/surefire-test-report.xsd" name="edu.hanyang.QueryProcessTest" time="0.141" tests="3" errors="0" skipped="0" failures="0">
  <properties>
[...]
</properties>
  <testcase name="test_query_plan_tree" classname="edu.hanyang.QueryProcessTest" time="0.024"/>
  <testcase name="test_op_and_w_pos" classname="edu.hanyang.QueryProcessTest" time="0.007"/>
  <testcase name="test_op_and_wo_pos" classname="edu.hanyang.QueryProcessTest" time="0.003"/>
</testsuite>