<?xml version="1.0" encoding="UTF-8"?>
<testsuite xmlns:xsi="http://www.w3.org/2001/XMLSchema-instance" xsi:noNamespaceSchemaLocation="https://maven.apache.org/surefire/maven-surefire-plugin/xsd/surefire-test-report.xsd" name="edu.hanyang.BPlusTreeTest" time="0.03" tests="1" errors="0" skipped="1" failures="0">
  <properties>
[...]
</properties>
  <testcase name="edu.hanyang.BPlusTreeTest" classname="edu.hanyang.BPlusTreeTest" time="0">
    <skipped message="Delete this line to unit test stage 3"/>
  </testcase>
</testsuite>